<?xml version="1.0" encoding="UTF-8"?>
<!-- Generated by org.testng.reporters.JUnitReportReporter -->
<testsuite skipped="0" hostname="sarumathi-Latitude-E5410" name="skiptest.SkipError" tests="2" failures="0" timestamp="10 Oct 2018 06:07:08 GMT" time="0.021" errors="0">
  <testcase name="nonSkipTest" time="0.002" classname="skiptest.SkipError"/>
  <testcase name="aSkipTest" time="0.019" classname="skiptest.SkipError"/>
</testsuite> <!-- skiptest.SkipError -->
